# JRE version: OpenJDK Runtime Environment (8.0_162-b01) (build 1.8.0_162-b01)
# Java VM: OpenJDK 64-Bit Server VM (25.162-b01 mixed mode linux-amd64 compressed oops)
Heap:
 PSYoungGen      total 257536K, used 64K [0x00000000d6f00000, 0x00000000e6e00000, 0x0000000100000000)
  eden space 253952K, 0% used [0x00000000d6f00000,0x00000000d6f00000,0x00000000e6700000)
  from space 3584K, 1% used [0x00000000e6700000,0x00000000e6710000,0x00000000e6a80000)
  to   space 3584K, 0% used [0x00000000e6a80000,0x00000000e6a80000,0x00000000e6e00000)
 ParOldGen       total 84992K, used 1684K [0x0000000084c00000, 0x0000000089f00000, 0x00000000d6f00000)
  object space 84992K, 1% used [0x0000000084c00000,0x0000000084da51a0,0x0000000089f00000)
 Metaspace       used 8124K, capacity 8310K, committed 8576K, reserved 1056768K
  class space    used 1019K, capacity 1111K, committed 1152K, reserved 1048576K
GC Heap History (10 events):
Event: 0.456 GC heap after
Heap after GC invocations=2 (full 0):
 PSYoungGen      total 68608K, used 1744K [0x00000000d6f00000, 0x00000000db700000, 0x0000000100000000)
  eden space 63488K, 0% used [0x00000000d6f00000,0x00000000d6f00000,0x00000000dad00000)
  from space 5120K, 34% used [0x00000000db200000,0x00000000db3b4030,0x00000000db700000)
  to   space 5120K, 0% used [0x00000000dad00000,0x00000000dad00000,0x00000000db200000)
 ParOldGen       total 84992K, used 16K [0x0000000084c00000, 0x0000000089f00000, 0x00000000d6f00000)
  object space 84992K, 0% used [0x0000000084c00000,0x0000000084c04000,0x0000000089f00000)
 Metaspace       used 8114K, capacity 8310K, committed 8576K, reserved 1056768K
  class space    used 1019K, capacity 1111K, committed 1152K, reserved 1048576K
}
Event: 0.509 GC heap before
{Heap before GC invocations=3 (full 0):
 PSYoungGen      total 68608K, used 65232K [0x00000000d6f00000, 0x00000000db700000, 0x0000000100000000)
  eden space 63488K, 100% used [0x00000000d6f00000,0x00000000dad00000,0x00000000dad00000)
  from space 5120K, 34% used [0x00000000db200000,0x00000000db3b4030,0x00000000db700000)
  to   space 5120K, 0% used [0x00000000dad00000,0x00000000dad00000,0x00000000db200000)
 ParOldGen       total 84992K, used 16K [0x0000000084c00000, 0x0000000089f00000, 0x00000000d6f00000)
  object space 84992K, 0% used [0x0000000084c00000,0x0000000084c04000,0x0000000089f00000)
 Metaspace       used 8124K, capacity 8310K, committed 8576K, reserved 1056768K
  class space    used 1019K, capacity 1111K, committed 1152K, reserved 1048576K
Event: 0.511 GC heap after
Heap after GC invocations=3 (full 0):
 PSYoungGen      total 68608K, used 1712K [0x00000000d6f00000, 0x00000000df500000, 0x0000000100000000)
  eden space 63488K, 0% used [0x00000000d6f00000,0x00000000d6f00000,0x00000000dad00000)
  from space 5120K, 33% used [0x00000000dad00000,0x00000000daeac050,0x00000000db200000)
  to   space 5120K, 0% used [0x00000000df000000,0x00000000df000000,0x00000000df500000)
 ParOldGen       total 84992K, used 24K [0x0000000084c00000, 0x0000000089f00000, 0x00000000d6f00000)
  object space 84992K, 0% used [0x0000000084c00000,0x0000000084c06000,0x0000000089f00000)
 Metaspace       used 8124K, capacity 8310K, committed 8576K, reserved 1056768K
  class space    used 1019K, capacity 1111K, committed 1152K, reserved 1048576K
}
Event: 0.545 GC heap before
{Heap before GC invocations=4 (full 0):
 PSYoungGen      total 68608K, used 65200K [0x00000000d6f00000, 0x00000000df500000, 0x0000000100000000)
  eden space 63488K, 100% used [0x00000000d6f00000,0x00000000dad00000,0x00000000dad00000)
  from space 5120K, 33% used [0x00000000dad00000,0x00000000daeac050,0x00000000db200000)
  to   space 5120K, 0% used [0x00000000df000000,0x00000000df000000,0x00000000df500000)
 ParOldGen       total 84992K, used 24K [0x0000000084c00000, 0x0000000089f00000, 0x00000000d6f00000)
  object space 84992K, 0% used [0x0000000084c00000,0x0000000084c06000,0x0000000089f00000)
 Metaspace       used 8124K, capacity 8310K, committed 8576K, reserved 1056768K
  class space    used 1019K, capacity 1111K, committed 1152K, reserved 1048576K
Event: 0.546 GC heap after
Heap after GC invocations=4 (full 0):
 PSYoungGen      total 132096K, used 1744K [0x00000000d6f00000, 0x00000000df500000, 0x0000000100000000)
  eden space 126976K, 0% used [0x00000000d6f00000,0x00000000d6f00000,0x00000000deb00000)
  from space 5120K, 34% used [0x00000000df000000,0x00000000df1b4010,0x00000000df500000)
  to   space 5120K, 0% used [0x00000000deb00000,0x00000000deb00000,0x00000000df000000)
 ParOldGen       total 84992K, used 24K [0x0000000084c00000, 0x0000000089f00000, 0x00000000d6f00000)
  object space 84992K, 0% used [0x0000000084c00000,0x0000000084c06000,0x0000000089f00000)
 Metaspace       used 8124K, capacity 8310K, committed 8576K, reserved 1056768K
  class space    used 1019K, capacity 1111K, committed 1152K, reserved 1048576K
}
Event: 0.647 GC heap before
{Heap before GC invocations=5 (full 0):
 PSYoungGen      total 132096K, used 128720K [0x00000000d6f00000, 0x00000000df500000, 0x0000000100000000)
  eden space 126976K, 100% used [0x00000000d6f00000,0x00000000deb00000,0x00000000deb00000)
  from space 5120K, 34% used [0x00000000df000000,0x00000000df1b4010,0x00000000df500000)
  to   space 5120K, 0% used [0x00000000deb00000,0x00000000deb00000,0x00000000df000000)
 ParOldGen       total 84992K, used 24K [0x0000000084c00000, 0x0000000089f00000, 0x00000000d6f00000)
  object space 84992K, 0% used [0x0000000084c00000,0x0000000084c06000,0x0000000089f00000)
 Metaspace       used 8124K, capacity 8310K, committed 8576K, reserved 1056768K
  class space    used 1019K, capacity 1111K, committed 1152K, reserved 1048576K
Event: 0.650 GC heap after
Heap after GC invocations=5 (full 0):
 PSYoungGen      total 132096K, used 1744K [0x00000000d6f00000, 0x00000000e6e00000, 0x0000000100000000)
  eden space 126976K, 0% used [0x00000000d6f00000,0x00000000d6f00000,0x00000000deb00000)
  from space 5120K, 34% used [0x00000000deb00000,0x00000000decb4030,0x00000000df000000)
  to   space 3584K, 0% used [0x00000000e6a80000,0x00000000e6a80000,0x00000000e6e00000)
 ParOldGen       total 84992K, used 32K [0x0000000084c00000, 0x0000000089f00000, 0x00000000d6f00000)
  object space 84992K, 0% used [0x0000000084c00000,0x0000000084c08000,0x0000000089f00000)
 Metaspace       used 8124K, capacity 8310K, committed 8576K, reserved 1056768K
  class space    used 1019K, capacity 1111K, committed 1152K, reserved 1048576K
}
Event: 0.718 GC heap before
{Heap before GC invocations=6 (full 0):
 PSYoungGen      total 132096K, used 128720K [0x00000000d6f00000, 0x00000000e6e00000, 0x0000000100000000)
  eden space 126976K, 100% used [0x00000000d6f00000,0x00000000deb00000,0x00000000deb00000)
  from space 5120K, 34% used [0x00000000deb00000,0x00000000decb4030,0x00000000df000000)
  to   space 3584K, 0% used [0x00000000e6a80000,0x00000000e6a80000,0x00000000e6e00000)
 ParOldGen       total 84992K, used 32K [0x0000000084c00000, 0x0000000089f00000, 0x00000000d6f00000)
  object space 84992K, 0% used [0x0000000084c00000,0x0000000084c08000,0x0000000089f00000)
 Metaspace       used 8124K, capacity 8310K, committed 8576K, reserved 1056768K
  class space    used 1019K, capacity 1111K, committed 1152K, reserved 1048576K
Event: 0.720 GC heap after
Heap after GC invocations=6 (full 0):
 PSYoungGen      total 257536K, used 1760K [0x00000000d6f00000, 0x00000000e6e00000, 0x0000000100000000)
  eden space 253952K, 0% used [0x00000000d6f00000,0x00000000d6f00000,0x00000000e6700000)
  from space 3584K, 49% used [0x00000000e6a80000,0x00000000e6c38060,0x00000000e6e00000)
  to   space 3584K, 0% used [0x00000000e6700000,0x00000000e6700000,0x00000000e6a80000)
 ParOldGen       total 84992K, used 32K [0x0000000084c00000, 0x0000000089f00000, 0x00000000d6f00000)
  object space 84992K, 0% used [0x0000000084c00000,0x0000000084c08000,0x0000000089f00000)
 Metaspace       used 8124K, capacity 8310K, committed 8576K, reserved 1056768K
  class space    used 1019K, capacity 1111K, committed 1152K, reserved 1048576K
}
Event: 0.939 GC heap before
{Heap before GC invocations=7 (full 0):
 PSYoungGen      total 257536K, used 255712K [0x00000000d6f00000, 0x00000000e6e00000, 0x0000000100000000)
  eden space 253952K, 100% used [0x00000000d6f00000,0x00000000e6700000,0x00000000e6700000)
  from space 3584K, 49% used [0x00000000e6a80000,0x00000000e6c38060,0x00000000e6e00000)
  to   space 3584K, 0% used [0x00000000e6700000,0x00000000e6700000,0x00000000e6a80000)
 ParOldGen       total 84992K, used 32K [0x0000000084c00000, 0x0000000089f00000, 0x00000000d6f00000)
  object space 84992K, 0% used [0x0000000084c00000,0x0000000084c08000,0x0000000089f00000)
 Metaspace       used 8124K, capacity 8310K, committed 8576K, reserved 1056768K
  class space    used 1019K, capacity 1111K, committed 1152K, reserved 1048576K

